
> app@1.0.0 test /app
> pytest tests/ scripts/

============================= test session starts ==============================
platform linux -- Python 3.12.12, pytest-9.0.2, pluggy-1.6.0
rootdir: /app
configfile: pyproject.toml
plugins: anyio-4.12.1
collected 326 items

tests/test_generate_art.py ......                                        [  1%]
tests/test_links.py .................................................... [ 17%]
........................................................................ [ 39%]
........................................................................ [ 61%]
........................................................................ [ 84%]
.............................................                            [ 97%]
tests/test_pwa.py ...                                                    [ 98%]
scripts/test_video_generator.py ....                                     [100%]

=============================== warnings summary ===============================
tests/test_pwa.py::test_manifest
  /home/jules/.pyenv/versions/3.12.12/lib/python3.12/site-packages/_pytest/python.py:170: PytestReturnNotNoneWarning: Test functions should return None, but tests/test_pwa.py::test_manifest returned <class 'bool'>.
  Did you mean to use `assert` instead of `return`?
  See https://docs.pytest.org/en/stable/how-to/assert.html#return-not-none for more information.
    warnings.warn(

tests/test_pwa.py::test_service_worker
  /home/jules/.pyenv/versions/3.12.12/lib/python3.12/site-packages/_pytest/python.py:170: PytestReturnNotNoneWarning: Test functions should return None, but tests/test_pwa.py::test_service_worker returned <class 'bool'>.
  Did you mean to use `assert` instead of `return`?
  See https://docs.pytest.org/en/stable/how-to/assert.html#return-not-none for more information.
    warnings.warn(

tests/test_pwa.py::test_offline_page
  /home/jules/.pyenv/versions/3.12.12/lib/python3.12/site-packages/_pytest/python.py:170: PytestReturnNotNoneWarning: Test functions should return None, but tests/test_pwa.py::test_offline_page returned <class 'bool'>.
  Did you mean to use `assert` instead of `return`?
  See https://docs.pytest.org/en/stable/how-to/assert.html#return-not-none for more information.
    warnings.warn(

scripts/test_video_generator.py::test_imports
  /home/jules/.pyenv/versions/3.12.12/lib/python3.12/site-packages/pydub/utils.py:14: DeprecationWarning: 'audioop' is deprecated and slated for removal in Python 3.13
    import audioop

scripts/test_video_generator.py::test_imports
  /home/jules/.pyenv/versions/3.12.12/lib/python3.12/site-packages/pydub/utils.py:170: RuntimeWarning: Couldn't find ffmpeg or avconv - defaulting to ffmpeg, but may not work
    warn("Couldn't find ffmpeg or avconv - defaulting to ffmpeg, but may not work", RuntimeWarning)

-- Docs: https://docs.pytest.org/en/stable/how-to/capture-warnings.html
======================= 326 passed, 5 warnings in 0.63s ========================
